{
  "stats": {
    "suites": 1,
    "tests": 15,
    "passes": 15,
    "pending": 0,
    "failures": 0,
    "start": "2024-04-20T07:36:19.777Z",
    "end": "2024-04-20T07:36:25.650Z",
    "duration": 5873,
    "testsRegistered": 15,
    "passPercent": 100,
    "pendingPercent": 0,
    "other": 0,
    "hasOther": false,
    "skipped": 0,
    "hasSkipped": false
  },
  "results": [
    {
      "uuid": "054519cd-a384-4136-92c1-251045f70c87",
      "title": "",
      "fullFile": "H:\\Assignments\\Selenium\\Letter Script\\test\\index.js",
      "file": "\\test\\index.js",
      "beforeHooks": [],
      "afterHooks": [],
      "tests": [],
      "suites": [
        {
          "uuid": "08038ca6-b646-4dc4-bd8b-8ae44f94fc71",
          "title": "Letter",
          "fullFile": "H:\\Assignments\\Selenium\\Letter Script\\test\\index.js",
          "file": "\\test\\index.js",
          "beforeHooks": [
            {
              "title": "\"before all\" hook in \"Letter\"",
              "fullTitle": "Letter \"before all\" hook in \"Letter\"",
              "timedOut": false,
              "duration": 1178,
              "state": null,
              "speed": null,
              "pass": false,
              "fail": false,
              "pending": false,
              "context": null,
              "code": "driver = new webdriver.Builder().\nwithCapabilities(webdriver.Capabilities.chrome()).\nbuild();",
              "err": {},
              "uuid": "2eb96b3e-be54-4232-bf0f-5ea5cf329ede",
              "parentUUID": "08038ca6-b646-4dc4-bd8b-8ae44f94fc71",
              "isHook": true,
              "skipped": false
            }
          ],
          "afterHooks": [],
          "tests": [
            {
              "title": "Check Presence of Company Name in Letter",
              "fullTitle": "Letter Check Presence of Company Name in Letter",
              "timedOut": false,
              "duration": 4256,
              "state": "passed",
              "speed": "slow",
              "pass": true,
              "fail": false,
              "pending": false,
              "context": null,
              "code": "await driver.get('file:///H:/Assignments/Selenium/Letter%20Selenium/04%20Letter%20Head/sample-code/preview.html');\n    var getTitle = await driver.findElement(webdriver.By.className('letter-org-name'));\n    getTitle.getText('value').then(function(value) {\n    assert.equal(value, 'YOUR COMPANY NAME');\n \n    });",
              "err": {},
              "uuid": "291fd930-1c19-4cbc-afdf-90f286fd50c7",
              "parentUUID": "08038ca6-b646-4dc4-bd8b-8ae44f94fc71",
              "isHook": false,
              "skipped": false
            },
            {
              "title": "Letter Organization Details Verification",
              "fullTitle": "Letter Letter Organization Details Verification",
              "timedOut": false,
              "duration": 44,
              "state": "passed",
              "speed": "medium",
              "pass": true,
              "fail": false,
              "pending": false,
              "context": null,
              "code": "var getTitle = await driver.findElement(webdriver.By.className('letter-org-details'));\n    getTitle.getText('value').then(function(value) {\n    assert.equal(value, '');\n    });",
              "err": {},
              "uuid": "46376e9c-53bc-48ff-a4bd-fe9c7133b4b1",
              "parentUUID": "08038ca6-b646-4dc4-bd8b-8ae44f94fc71",
              "isHook": false,
              "skipped": false
            },
            {
              "title": "Verify Letter Organization Logo Display",
              "fullTitle": "Letter Verify Letter Organization Logo Display",
              "timedOut": false,
              "duration": 34,
              "state": "passed",
              "speed": "fast",
              "pass": true,
              "fail": false,
              "pending": false,
              "context": null,
              "code": "var getTitle = await driver.findElement(webdriver.By.className('letter-org-logo'));\n    getTitle.getText('value').then(function(value) {\n    assert.equal(value, '');\n    });",
              "err": {},
              "uuid": "14d244ba-85f1-4c67-9198-4d0512ed4c92",
              "parentUUID": "08038ca6-b646-4dc4-bd8b-8ae44f94fc71",
              "isHook": false,
              "skipped": false
            },
            {
              "title": "Verify Letter Organization Logo Display",
              "fullTitle": "Letter Verify Letter Organization Logo Display",
              "timedOut": false,
              "duration": 35,
              "state": "passed",
              "speed": "fast",
              "pass": true,
              "fail": false,
              "pending": false,
              "context": null,
              "code": "try {\n    \n    // Find the logo image element\n    const logoElement = await driver.findElement(webdriver.By.xpath(\"//div[@class='letter-org-logo']//img\"));\n    // Check if the logo image is loaded successfully\n    const isLoaded = await logoElement.isDisplayed();\n    // Assert that the logo image is loaded successfully\n    assert.strictEqual(isLoaded, true, 'Logo image is not loaded successfully');\n    console.log('Logo image loaded successfully!');\n} catch (error) {\n    console.error('Logo image loading test failed:', error.message);\n}",
              "err": {},
              "uuid": "690413c6-08c5-48b0-9a07-05eb24c5136f",
              "parentUUID": "08038ca6-b646-4dc4-bd8b-8ae44f94fc71",
              "isHook": false,
              "skipped": false
            },
            {
              "title": "To check the validity of a letter reference number",
              "fullTitle": "Letter To check the validity of a letter reference number",
              "timedOut": false,
              "duration": 17,
              "state": "passed",
              "speed": "fast",
              "pass": true,
              "fail": false,
              "pending": false,
              "context": null,
              "code": "var getTitle = await driver.findElement(webdriver.By.className('letter-ref'));\ngetTitle.getText('value').then(function(value) {\n//assert.equal(value, 'Ref. No:');\n\tassert.match(/Ref. No:\\s*(.+)/);\n});",
              "err": {},
              "uuid": "3117ff09-1a0b-4a08-9906-a303d45b8b2b",
              "parentUUID": "08038ca6-b646-4dc4-bd8b-8ae44f94fc71",
              "isHook": false,
              "skipped": false
            },
            {
              "title": "To confirm that the date on the letter is accurate",
              "fullTitle": "Letter To confirm that the date on the letter is accurate",
              "timedOut": false,
              "duration": 23,
              "state": "passed",
              "speed": "fast",
              "pass": true,
              "fail": false,
              "pending": false,
              "context": null,
              "code": "var getTitle = await driver.findElement(webdriver.By.className('letter-date'));\ngetTitle.getText('value').then(function(value) {\n//assert.equal(value, 'Date:');\n\tassert.match(/^Date: \\d{2}-\\d{2}-\\d{4}$/);\n});",
              "err": {},
              "uuid": "892e010d-1e93-4c2a-b4a6-8a16fd87f300",
              "parentUUID": "08038ca6-b646-4dc4-bd8b-8ae44f94fc71",
              "isHook": false,
              "skipped": false
            },
            {
              "title": "To verify that the body of the letter is correctly addressed to the recipient",
              "fullTitle": "Letter To verify that the body of the letter is correctly addressed to the recipient",
              "timedOut": false,
              "duration": 22,
              "state": "passed",
              "speed": "fast",
              "pass": true,
              "fail": false,
              "pending": false,
              "context": null,
              "code": "var getTitle = await driver.findElement(webdriver.By.className('letter-body-to'));\ngetTitle.getText('value').then(function(value) {\n//assert.equal(value, 'To,');\n\tassert.match(/To,\\s*/);\n});",
              "err": {},
              "uuid": "6a6d45c8-24bf-407d-bfa6-cbd81eb92548",
              "parentUUID": "08038ca6-b646-4dc4-bd8b-8ae44f94fc71",
              "isHook": false,
              "skipped": false
            },
            {
              "title": "Check Letter Body and Subject",
              "fullTitle": "Letter Check Letter Body and Subject",
              "timedOut": false,
              "duration": 23,
              "state": "passed",
              "speed": "fast",
              "pass": true,
              "fail": false,
              "pending": false,
              "context": null,
              "code": "var getTitle = await driver.findElement(webdriver.By.className('letter-body-subject'));\ngetTitle.getText('value').then(function(value) {\n//assert.equal(value, '/^Subject:\\s*/');\n\t assert.match(value, /^Subject:\\s*/);\n});",
              "err": {},
              "uuid": "f5ea7aeb-d920-48c6-8340-7559683412df",
              "parentUUID": "08038ca6-b646-4dc4-bd8b-8ae44f94fc71",
              "isHook": false,
              "skipped": false
            },
            {
              "title": "Verify Letter Salutation",
              "fullTitle": "Letter Verify Letter Salutation",
              "timedOut": false,
              "duration": 22,
              "state": "passed",
              "speed": "fast",
              "pass": true,
              "fail": false,
              "pending": false,
              "context": null,
              "code": "var getTitle = await driver.findElement(webdriver.By.className('letter-body-salutation'));\ngetTitle.getText('value').then(function(value) {\n   // assert.equal(value, 'Dear');\n   assert.match(/^(Dear)/);\n});",
              "err": {},
              "uuid": "c53bab13-509c-4cdb-80c6-dd35a0f31491",
              "parentUUID": "08038ca6-b646-4dc4-bd8b-8ae44f94fc71",
              "isHook": false,
              "skipped": false
            },
            {
              "title": "Verify Letter Body Message",
              "fullTitle": "Letter Verify Letter Body Message",
              "timedOut": false,
              "duration": 22,
              "state": "passed",
              "speed": "fast",
              "pass": true,
              "fail": false,
              "pending": false,
              "context": null,
              "code": "var getTitle = await driver.findElement(webdriver.By.className('letter-body-message'));\ngetTitle.getText('value').then(function(value) {\nassert.equal(value, '');\n});",
              "err": {},
              "uuid": "0a0c3fc2-a99c-44bd-a574-25ad9f99a841",
              "parentUUID": "08038ca6-b646-4dc4-bd8b-8ae44f94fc71",
              "isHook": false,
              "skipped": false
            },
            {
              "title": "Verify that the body sign in the letter is correctly displayed",
              "fullTitle": "Letter Verify that the body sign in the letter is correctly displayed",
              "timedOut": false,
              "duration": 22,
              "state": "passed",
              "speed": "fast",
              "pass": true,
              "fail": false,
              "pending": false,
              "context": null,
              "code": "var getTitle = await driver.findElement(webdriver.By.className('letter-body-sign'));\ngetTitle.getText('value').then(function(value) {\nassert.equal(value, '');\n});",
              "err": {},
              "uuid": "93dd0663-6e8a-44d9-94d4-628a17bed54d",
              "parentUUID": "08038ca6-b646-4dc4-bd8b-8ae44f94fc71",
              "isHook": false,
              "skipped": false
            },
            {
              "title": "The website should be present in the footer of the letter",
              "fullTitle": "Letter The website should be present in the footer of the letter",
              "timedOut": false,
              "duration": 23,
              "state": "passed",
              "speed": "fast",
              "pass": true,
              "fail": false,
              "pending": false,
              "context": null,
              "code": "var getTitle = await driver.findElement(webdriver.By.className('letter-org-website'));\ngetTitle.getText('value').then(function(value) {\nassert.equal(value, 'WWW.WEBTOUCHINDIA@CO.IN');\n});",
              "err": {},
              "uuid": "da0ad55a-ad90-4b39-9b2d-2dd597a30642",
              "parentUUID": "08038ca6-b646-4dc4-bd8b-8ae44f94fc71",
              "isHook": false,
              "skipped": false
            },
            {
              "title": "The phone should be present in the footer of the letter",
              "fullTitle": "Letter The phone should be present in the footer of the letter",
              "timedOut": false,
              "duration": 23,
              "state": "passed",
              "speed": "fast",
              "pass": true,
              "fail": false,
              "pending": false,
              "context": null,
              "code": "var getTitle = await driver.findElement(webdriver.By.className('letter-org-phone'));\ngetTitle.getText('value').then(function(value) {\nassert.equal(value, '');\n});",
              "err": {},
              "uuid": "ec88d333-d571-4c66-903f-9c8734e5eab6",
              "parentUUID": "08038ca6-b646-4dc4-bd8b-8ae44f94fc71",
              "isHook": false,
              "skipped": false
            },
            {
              "title": "The email should be present in the footer of the letter",
              "fullTitle": "Letter The email should be present in the footer of the letter",
              "timedOut": false,
              "duration": 22,
              "state": "passed",
              "speed": "fast",
              "pass": true,
              "fail": false,
              "pending": false,
              "context": null,
              "code": "var getTitle = await driver.findElement(webdriver.By.className('letter-org-email'));\ngetTitle.getText('value').then(function(value) {\nassert.equal(value, '');\n});",
              "err": {},
              "uuid": "cee9f647-4df5-495a-91e1-401e17b47fa3",
              "parentUUID": "08038ca6-b646-4dc4-bd8b-8ae44f94fc71",
              "isHook": false,
              "skipped": false
            },
            {
              "title": "The address should be present in the footer of the letter",
              "fullTitle": "Letter The address should be present in the footer of the letter",
              "timedOut": false,
              "duration": 23,
              "state": "passed",
              "speed": "fast",
              "pass": true,
              "fail": false,
              "pending": false,
              "context": null,
              "code": "var getTitle = await driver.findElement(webdriver.By.className('letter-org-address'));\ngetTitle.getText('value').then(function(value) {\nassert.equal(value, '');\n});\ndriver.quit();",
              "err": {},
              "uuid": "26e09b42-138b-43d0-a796-280517f8070e",
              "parentUUID": "08038ca6-b646-4dc4-bd8b-8ae44f94fc71",
              "isHook": false,
              "skipped": false
            }
          ],
          "suites": [],
          "passes": [
            "291fd930-1c19-4cbc-afdf-90f286fd50c7",
            "46376e9c-53bc-48ff-a4bd-fe9c7133b4b1",
            "14d244ba-85f1-4c67-9198-4d0512ed4c92",
            "690413c6-08c5-48b0-9a07-05eb24c5136f",
            "3117ff09-1a0b-4a08-9906-a303d45b8b2b",
            "892e010d-1e93-4c2a-b4a6-8a16fd87f300",
            "6a6d45c8-24bf-407d-bfa6-cbd81eb92548",
            "f5ea7aeb-d920-48c6-8340-7559683412df",
            "c53bab13-509c-4cdb-80c6-dd35a0f31491",
            "0a0c3fc2-a99c-44bd-a574-25ad9f99a841",
            "93dd0663-6e8a-44d9-94d4-628a17bed54d",
            "da0ad55a-ad90-4b39-9b2d-2dd597a30642",
            "ec88d333-d571-4c66-903f-9c8734e5eab6",
            "cee9f647-4df5-495a-91e1-401e17b47fa3",
            "26e09b42-138b-43d0-a796-280517f8070e"
          ],
          "failures": [],
          "pending": [],
          "skipped": [],
          "duration": 4611,
          "root": false,
          "rootEmpty": false,
          "_timeout": 15000
        }
      ],
      "passes": [],
      "failures": [],
      "pending": [],
      "skipped": [],
      "duration": 0,
      "root": true,
      "rootEmpty": true,
      "_timeout": 2000
    }
  ],
  "meta": {
    "mocha": {
      "version": "10.4.0"
    },
    "mochawesome": {
      "options": {
        "quiet": false,
        "reportFilename": "mochawesome",
        "saveHtml": true,
        "saveJson": true,
        "consoleReporter": "spec",
        "useInlineDiffs": false,
        "code": true
      },
      "version": "7.1.3"
    },
    "marge": {
      "options": null,
      "version": "6.2.0"
    }
  }
}